416588
416587
436126
437115
313415
226030
422467
416588
416587
436126
437115
313415
226030
422467
416588
416587
436126
437115
313415
226030
422467
416588
416587
436126
437115
313415
226030
422467
416588
416587
416588
416587
436126
437115
313415
226030
422467
416588
416587
436126
437115
313415
226030
422467
416588
416587
436126
437115
313415
226030
422467
416588
416587
436126
437115
313415
226030
422467
416588
416587
436126
437115
313415
226030
422467
416588
416587
436126
437115
313415
226030
422467
416588
416587
436126
437115
313415
226030
422467
416588
416587
436126
437115
313415
226030
422467
416588
416587
436126
437115
313415
226030
422467
416588
416587
436126
437115
313415
226030
422467
416588
416587
416588
416587
436126
437115
313415
226030
422467
None
None
None
None
None
None
None
Ikon Tyres (Nokian Tyres) 225/75 R16 115/112Q
Ikon Tyres (Nokian Tyres) 245/75 R16 120/116Q
Roadboss 185/75 R16 104/102T
Roadboss 205/70 R15 106/104T
Ikon Tyres (Nokian Tyres) Autograph Ice LT3
Ikon Tyres (Nokian Tyres) Autograph Ice LT3
Roadboss LC31
Roadboss LC31
Kumho RS02
Nortec NORTEC AT-560
Nortec Nortec 16A
Ikon Tyres (Nokian Tyres) Autograph Ice LT3
Ikon Tyres (Nokian Tyres) Autograph Ice LT3
Roadboss LC31
Roadboss LC31
Kumho RS02
Nortec NORTEC AT-560
Nortec Nortec 16A
Ikon Tyres (Nokian Tyres) Autograph Ice LT3
Ikon Tyres (Nokian Tyres) Autograph Ice LT3
Roadboss LC31
Roadboss LC31
Kumho RS02
Nortec NORTEC AT-560
Nortec Nortec 16A
Ikon Tyres (Nokian Tyres) Autograph Ice LT3
Ikon Tyres (Nokian Tyres) Autograph Ice LT3
Nokian Tyres Outpost AT
Bridgestone DUELER A/T 001
Dunlop WINTER MAXX WM02
Goform W-705
RoadX RXFrost Arctic
Roadboss LC31
Roadboss LC31
Royal Black ROYAL WINTER
Yokohama Geolandar G94
Kumho RS02
Nortec NORTEC AT-560
Nortec Nortec 16A
GT Radial IcePro 3 SUV
Hankook Dynapro HP RA23
Ikon Tyres (Nokian Tyres) Autograph Ice LT3
Ikon Tyres (Nokian Tyres) Autograph Ice LT3
Nokian Tyres Outpost AT
Bridgestone DUELER A/T 001
Dunlop WINTER MAXX WM02
Goform W-705
RoadX RXFrost Arctic
Roadboss LC31
Roadboss LC31
Royal Black ROYAL WINTER
Yokohama Geolandar G94
Kumho RS02
Nortec NORTEC AT-560
Nortec Nortec 16A
GT Radial IcePro 3 SUV
Hankook Dynapro HP RA23
Ikon Tyres (Nokian Tyres) Autograph Ice LT3
Ikon Tyres (Nokian Tyres) Autograph Ice LT3
Nokian Tyres Outpost AT
Bridgestone DUELER A/T 001
Dunlop WINTER MAXX WM02
Goform W-705
RoadX RXFrost Arctic
Roadboss LC31
Roadboss LC31
Royal Black ROYAL WINTER
Yokohama Geolandar G94
Kumho RS02
Nortec NORTEC AT-560
Nortec Nortec 16A
GT Radial IcePro 3 SUV
Hankook Dynapro HP RA23
Ikon Tyres (Nokian Tyres) Autograph Ice LT3
Ikon Tyres (Nokian Tyres) Autograph Ice LT3
Nokian Tyres Outpost AT
Bridgestone DUELER A/T 001
Dunlop WINTER MAXX WM02
Goform W-705
RoadX RXFrost Arctic
Roadboss LC31
Roadboss LC31
Royal Black ROYAL WINTER
Yokohama Geolandar G94
Kumho RS02
Nortec NORTEC AT-560
Nortec Nortec 16A
GT Radial IcePro 3 SUV
Hankook Dynapro HP RA23
